<?xml version="1.0" encoding="UTF-8" ?>
<testsuite tests="5" failures="0" name="TestLworm" time="4.62" errors="0" skipped="0">
  <properties>
[...]
</properties>
  <testcase classname="TestLworm" name="testSessionMMMCreateGet" time="2.431"/>
  <testcase classname="TestLworm" name="testDeleteFromDummyClassType2" time="0.349"/>
  <testcase classname="TestLworm" name="testSessionMMMcreateOneValue" time="0.7"/>
  <testcase classname="TestLworm" name="testSessionMMMcreateTable" time="0.759"/>
  <testcase classname="TestLworm" name="testUpdateDummyClassType2" time="0.381"/>
</testsuite>